{"timestamp": "2025-12-25T18:45:52.508758", "username": "Dave", "group_seed": "524392612", "hash_mode": "SHA-256 + SALT", "protection_flags": "", "result": "failed", "latency_ms": "1"}
{"timestamp": "2025-12-25T18:46:01.097804", "username": "Dave", "group_seed": "524392612", "hash_mode": "SHA-256 + SALT", "protection_flags": "", "result": "failed", "latency_ms": "0"}
{"timestamp": "2025-12-26T10:37:41.591221", "username": "Dave", "group_seed": "524392612", "hash_mode": "SHA-256 + SALT", "protection_flags": "", "result": "failed", "latency_ms": "3"}
{"timestamp": "2025-12-26T10:49:20.425116", "username": "John1", "group_seed": "524392612", "hash_mode": "SHA-256 + SALT", "protection_flags": "", "result": "success", "latency_ms": "1"}
{"timestamp": "2025-12-26T10:50:23.802163", "username": "John3", "group_seed": "524392612", "hash_mode": "SHA-256 + SALT", "protection_flags": "", "result": "failed", "latency_ms": "1"}
{"timestamp": "2025-12-26T10:51:16.128906", "username": "John3", "group_seed": "524392612", "hash_mode": "SHA-256 + SALT", "protection_flags": "", "result": "failed", "latency_ms": "2"}
{"timestamp": "2025-12-26T10:51:22.161924", "username": "John", "group_seed": "524392612", "hash_mode": "bcrypt", "protection_flags": "", "result": "success", "latency_ms": "661"}
{"timestamp": "2025-12-26T10:51:31.780339", "username": "John3", "group_seed": "524392612", "hash_mode": "SHA-256 + SALT", "protection_flags": "", "result": "failed", "latency_ms": "1"}
{"timestamp": "2025-12-26T10:52:03.916924", "username": "John3", "group_seed": "524392612", "hash_mode": "SHA-256 + SALT", "protection_flags": "", "result": "failed", "latency_ms": "2"}
{"timestamp": "2025-12-26T10:59:02.446819", "username": "John3", "group_seed": "524392612", "hash_mode": "SHA-256 + SALT", "protection_flags": "", "result": "failed", "latency_ms": "1"}
{"timestamp": "2025-12-26T10:59:25.362911", "username": "John3", "group_seed": "524392612", "hash_mode": "SHA-256 + SALT", "protection_flags": "", "result": "failed", "latency_ms": "2"}
{"timestamp": "2025-12-26T10:59:35.135147", "username": "John3", "group_seed": "524392612", "hash_mode": "SHA-256 + SALT", "protection_flags": "", "result": "failed", "latency_ms": "1"}
{"timestamp": "2025-12-26T11:04:37.608020", "username": "John3", "group_seed": "524392612", "hash_mode": "SHA-256 + SALT", "protection_flags": "", "result": "failed", "latency_ms": "2"}
{"timestamp": "2025-12-26T11:05:01.275990", "username": "John5", "group_seed": "524392612", "hash_mode": "SHA-256 + SALT", "protection_flags": "", "result": "failed", "latency_ms": "3"}
{"timestamp": "2025-12-26T11:05:15.498730", "username": "John5", "group_seed": "524392612", "hash_mode": "SHA-256 + SALT", "protection_flags": "", "result": "failed", "latency_ms": "1"}
{"timestamp": "2025-12-26T11:36:21.813185", "username": "John5", "group_seed": "524392612", "hash_mode": "SHA-256 + SALT", "protection_flags": "", "result": "failed", "latency_ms": "3"}
{"timestamp": "2025-12-26T11:37:49.129094", "username": "John5", "group_seed": "524392612", "hash_mode": "SHA-256 + SALT", "protection_flags": "", "result": "failed", "latency_ms": "2"}
{"timestamp": "2025-12-27T16:43:28.797988", "username": "Dave1", "group_seed": "524392612", "hash_mode": "SHA-256 + SALT", "protection_flags": "", "result": "success", "latency_ms": "4"}
{"timestamp": "2025-12-27T16:45:11.510176", "username": "Dave", "group_seed": "524392612", "hash_mode": "SHA-256 + SALT", "protection_flags": "", "result": "failed", "latency_ms": "3"}
{"timestamp": "2025-12-27T16:45:18.424892", "username": "Dave1", "group_seed": "524392612", "hash_mode": "SHA-256 + SALT", "protection_flags": "", "result": "failed", "latency_ms": "3"}
{"timestamp": "2025-12-28T11:51:26.041022", "username": "John17", "group_seed": "524392612", "hash_mode": "bcrypt", "protection_flags": "", "result": "failed", "latency_ms": "2"}
{"timestamp": "2025-12-28T11:51:43.134542", "username": "John17", "group_seed": "524392612", "hash_mode": "bcrypt", "protection_flags": "", "result": "failed", "latency_ms": "0"}
{"timestamp": "2025-12-28T12:00:45.597998", "username": "John17", "group_seed": "524392612", "hash_mode": "bcrypt", "protection_flags": "", "result": "failed", "latency_ms": "254"}
{"timestamp": "2025-12-28T12:00:50.935386", "username": "John17", "group_seed": "524392612", "hash_mode": "bcrypt", "protection_flags": "", "result": "failed", "latency_ms": "256"}
{"timestamp": "2025-12-28T12:01:43.460083", "username": "John100", "group_seed": "524392612", "hash_mode": "bcrypt", "protection_flags": "", "result": "failed", "latency_ms": "238"}
{"timestamp": "2025-12-28T12:01:51.254963", "username": "John100", "group_seed": "524392612", "hash_mode": "bcrypt", "protection_flags": "", "result": "failed", "latency_ms": "241"}
{"timestamp": "2025-12-28T12:12:28.915645", "username": "John100", "group_seed": "524392612", "hash_mode": "bcrypt", "protection_flags": "", "result": "failed", "latency_ms": "315"}
{"timestamp": "2025-12-28T12:13:17.616194", "username": "Dave12", "group_seed": "524392612", "hash_mode": "bcrypt", "protection_flags": "", "result": "success", "latency_ms": "283"}
{"timestamp": "2025-12-28T12:14:56.170179", "username": "John22", "group_seed": "524392612", "hash_mode": "Argon2", "protection_flags": "", "result": "success", "latency_ms": "97"}
{"timestamp": "2025-12-28T12:15:45.214128", "username": "John24", "group_seed": "524392612", "hash_mode": "SHA-256 + SALT", "protection_flags": "", "result": "success", "latency_ms": "1"}
{"timestamp": "2025-12-28T12:16:30.597900", "username": "John", "group_seed": "524392612", "hash_mode": "bcrypt", "protection_flags": "", "result": "failed", "latency_ms": "272"}
{"timestamp": "2025-12-28T12:16:38.090053", "username": "John", "group_seed": "524392612", "hash_mode": "bcrypt", "protection_flags": "", "result": "success", "latency_ms": "264"}
{"timestamp": "2025-12-28T12:16:48.886177", "username": "John30", "group_seed": "524392612", "hash_mode": "bcrypt", "protection_flags": "", "result": "failed", "latency_ms": "296"}
{"timestamp": "2025-12-28T12:17:25.368301", "username": "John50", "group_seed": "524392612", "hash_mode": "bcrypt", "protection_flags": "", "result": "success", "latency_ms": "269"}
{"timestamp": "2025-12-28T17:29:52.916291", "username": "Dave12", "group_seed": "524392612", "hash_mode": "bcrypt", "protection_flags": "", "result": "failed", "latency_ms": "270"}
{"timestamp": "2025-12-28T17:29:56.408172", "username": "Dave12", "group_seed": "524392612", "hash_mode": "bcrypt", "protection_flags": "", "result": "failed", "latency_ms": "331"}
{"timestamp": "2025-12-28T17:29:59.819461", "username": "Dave12", "group_seed": "524392612", "hash_mode": "bcrypt", "protection_flags": "", "result": "failed", "latency_ms": "303"}
{"timestamp": "2025-12-28T17:30:02.468846", "username": "Dave12", "group_seed": "524392612", "hash_mode": "bcrypt", "protection_flags": "", "result": "failed", "latency_ms": "346"}
{"timestamp": "2025-12-28T17:30:04.640914", "username": "Dave12", "group_seed": "524392612", "hash_mode": "bcrypt", "protection_flags": "", "result": "failed", "latency_ms": "312"}
{"timestamp": "2025-12-28T17:30:06.786191", "username": "Dave12", "group_seed": "524392612", "hash_mode": "bcrypt", "protection_flags": "", "result": "failed", "latency_ms": "340"}
{"timestamp": "2025-12-28T17:30:09.193553", "username": "Dave12", "group_seed": "524392612", "hash_mode": "bcrypt", "protection_flags": "", "result": "failed", "latency_ms": "309"}
{"timestamp": "2025-12-28T17:30:10.456907", "username": "Dave12", "group_seed": "524392612", "hash_mode": "bcrypt", "protection_flags": "", "result": "failed", "latency_ms": "276"}
{"timestamp": "2025-12-28T17:30:15.171531", "username": "Dave12", "group_seed": "524392612", "hash_mode": "bcrypt", "protection_flags": "", "result": "success", "latency_ms": "305"}
{"timestamp": "2025-12-28T17:30:37.085972", "username": "Dave12", "group_seed": "524392612", "hash_mode": "bcrypt", "protection_flags": "", "result": "failed", "latency_ms": "321"}
{"timestamp": "2025-12-28T17:30:38.513796", "username": "Dave12", "group_seed": "524392612", "hash_mode": "bcrypt", "protection_flags": "", "result": "failed", "latency_ms": "299"}
{"timestamp": "2025-12-28T17:30:39.469843", "username": "Dave12", "group_seed": "524392612", "hash_mode": "bcrypt", "protection_flags": "", "result": "failed", "latency_ms": "352"}
{"timestamp": "2025-12-28T17:30:40.648570", "username": "Dave12", "group_seed": "524392612", "hash_mode": "bcrypt", "protection_flags": "", "result": "failed", "latency_ms": "307"}
{"timestamp": "2025-12-28T17:30:41.464925", "username": "Dave12", "group_seed": "524392612", "hash_mode": "bcrypt", "protection_flags": "", "result": "failed", "latency_ms": "332"}
{"timestamp": "2025-12-28T17:30:42.691613", "username": "Dave12", "group_seed": "524392612", "hash_mode": "bcrypt", "protection_flags": "", "result": "failed", "latency_ms": "372"}
{"timestamp": "2025-12-28T17:30:43.933843", "username": "Dave12", "group_seed": "524392612", "hash_mode": "bcrypt", "protection_flags": "", "result": "failed", "latency_ms": "352"}
{"timestamp": "2025-12-28T17:30:48.245694", "username": "Dave12", "group_seed": "524392612", "hash_mode": "bcrypt", "protection_flags": "", "result": "success", "latency_ms": "263"}
{"timestamp": "2025-12-28T17:32:55.426575", "username": "John", "group_seed": "524392612", "hash_mode": "bcrypt", "protection_flags": "", "result": "success", "latency_ms": "239"}
{"timestamp": "2025-12-28T17:33:01.550851", "username": "Dave", "group_seed": "524392612", "hash_mode": "SHA-256 + SALT", "protection_flags": "", "result": "failed", "latency_ms": "1"}
{"timestamp": "2025-12-28T17:33:02.237368", "username": "Dave", "group_seed": "524392612", "hash_mode": "SHA-256 + SALT", "protection_flags": "", "result": "failed", "latency_ms": "1"}
{"timestamp": "2025-12-28T17:33:03.031374", "username": "Dave", "group_seed": "524392612", "hash_mode": "SHA-256 + SALT", "protection_flags": "", "result": "failed", "latency_ms": "0"}
{"timestamp": "2025-12-28T17:33:03.510399", "username": "Dave", "group_seed": "524392612", "hash_mode": "SHA-256 + SALT", "protection_flags": "", "result": "failed", "latency_ms": "1"}
{"timestamp": "2025-12-28T17:33:04.402546", "username": "Dave", "group_seed": "524392612", "hash_mode": "SHA-256 + SALT", "protection_flags": "", "result": "failed", "latency_ms": "0"}
{"timestamp": "2025-12-28T17:33:04.876999", "username": "Dave", "group_seed": "524392612", "hash_mode": "SHA-256 + SALT", "protection_flags": "", "result": "failed", "latency_ms": "1"}
{"timestamp": "2025-12-28T17:33:05.745349", "username": "Dave", "group_seed": "524392612", "hash_mode": "SHA-256 + SALT", "protection_flags": "", "result": "failed", "latency_ms": "1"}
{"timestamp": "2025-12-28T17:33:06.309390", "username": "Dave", "group_seed": "524392612", "hash_mode": "SHA-256 + SALT", "protection_flags": "", "result": "failed", "latency_ms": "1"}
{"timestamp": "2025-12-28T18:08:57.642074", "username": "Dave12", "group_seed": "524392612", "hash_mode": "bcrypt", "protection_flags": "", "result": "failed", "latency_ms": "290"}
{"timestamp": "2025-12-28T18:08:58.933486", "username": "Dave12", "group_seed": "524392612", "hash_mode": "bcrypt", "protection_flags": "", "result": "failed", "latency_ms": "343"}
{"timestamp": "2025-12-28T18:09:00.285021", "username": "Dave12", "group_seed": "524392612", "hash_mode": "bcrypt", "protection_flags": "", "result": "failed", "latency_ms": "357"}
{"timestamp": "2025-12-28T18:09:01.309539", "username": "Dave12", "group_seed": "524392612", "hash_mode": "bcrypt", "protection_flags": "", "result": "failed", "latency_ms": "270"}
{"timestamp": "2025-12-28T18:09:02.764389", "username": "Dave12", "group_seed": "524392612", "hash_mode": "bcrypt", "protection_flags": "", "result": "failed", "latency_ms": "387"}
{"timestamp": "2025-12-28T18:09:03.319314", "username": "", "group_seed": "524392612", "hash_mode": "", "protection_flags": "", "result": "error: can only concatenate str (not \"int\") to str", "latency_ms": "0"}
